<?xml version="1.0" encoding="UTF-8"?>
<!-- Generated by org.testng.reporters.JUnitReportReporter -->
<testsuite hostname="LAPTOP-AOTFQ1S8" failures="0" tests="1" name="com.rmgyantra.CRUDWithoutBDD.GettinAllProjects" time="3.623" errors="0" timestamp="2023-02-02T12:03:01 IST" skipped="0">
  <testcase classname="com.rmgyantra.CRUDWithoutBDD.GettinAllProjects" name="getAllProects" time="3.623"/>
  <system-out/>
</testsuite> <!-- com.rmgyantra.CRUDWithoutBDD.GettinAllProjects -->
