<?xml version="1.0" encoding="UTF-8"?>
<!-- Generated by org.testng.reporters.JUnitReportReporter -->
<testsuite hostname="LAPTOP-AOTFQ1S8" failures="0" tests="1" name="com.rmgyantra.DifferentWaysToPost.JSONFileTest" time="7.238" errors="0" timestamp="2023-02-06T15:51:33 IST" skipped="0">
  <testcase classname="com.rmgyantra.DifferentWaysToPost.JSONFileTest" name="jsonFileTest" time="7.238"/>
  <system-out/>
</testsuite> <!-- com.rmgyantra.DifferentWaysToPost.JSONFileTest -->
