<?xml version="1.0" encoding="UTF-8"?>
<!-- Generated by org.testng.reporters.JUnitReportReporter -->
<testsuite hostname="LAPTOP-AOTFQ1S8" failures="0" tests="1" name="com.rmgyantra.authentication.BasicAuthTest" time="5.319" errors="0" timestamp="2023-02-07T16:21:54 IST" skipped="0">
  <testcase classname="com.rmgyantra.authentication.BasicAuthTest" name="basicAuthTest" time="5.319"/>
  <system-out/>
</testsuite> <!-- com.rmgyantra.authentication.BasicAuthTest -->
