<?xml version="1.0" encoding="UTF-8"?>
<!-- Generated by org.testng.reporters.JUnitReportReporter -->
<testsuite hostname="LAPTOP-AOTFQ1S8" failures="0" tests="1" name="com.rmgyantra.validation.StaticValidationTest" time="8.801" errors="0" timestamp="2023-03-05T17:29:46 IST" skipped="0">
  <testcase classname="com.rmgyantra.validation.StaticValidationTest" name="staticValidationTest" time="8.801"/>
  <system-out/>
</testsuite> <!-- com.rmgyantra.validation.StaticValidationTest -->
