<?xml version="1.0" encoding="UTF-8"?>
<!-- Generated by org.testng.reporters.JUnitReportReporter -->
<testsuite hostname="LAPTOP-AOTFQ1S8" failures="0" tests="1" name="com.rmgyantra.DifferentWaysToPost.POJOClassTest" time="8.506" errors="0" timestamp="2023-02-06T16:10:34 IST" skipped="0">
  <testcase classname="com.rmgyantra.DifferentWaysToPost.POJOClassTest" name="pojoTest" time="8.506"/>
  <system-out/>
</testsuite> <!-- com.rmgyantra.DifferentWaysToPost.POJOClassTest -->
