<?xml version="1.0" encoding="UTF-8"?>
<!-- Generated by org.testng.reporters.JUnitReportReporter -->
<testsuite hostname="LAPTOP-AOTFQ1S8" failures="0" tests="1" name="com.rmgyantra.End2End.End2EndTest" time="8.047" errors="0" timestamp="2023-02-09T22:14:43 IST" skipped="0">
  <testcase classname="com.rmgyantra.End2End.End2EndTest" name="end2End" time="8.047"/>
  <system-out/>
</testsuite> <!-- com.rmgyantra.End2End.End2EndTest -->
