<?xml version="1.0" encoding="UTF-8"?>
<!-- Generated by org.testng.reporters.JUnitReportReporter -->
<testsuite hostname="LAPTOP-AOTFQ1S8" failures="0" tests="1" name="com.rmgyantra.Parameters.QueryParameter" time="8.599" errors="0" timestamp="2023-02-07T15:40:29 IST" skipped="0">
  <testcase classname="com.rmgyantra.Parameters.QueryParameter" name="queryParameter" time="8.599"/>
  <system-out/>
</testsuite> <!-- com.rmgyantra.Parameters.QueryParameter -->
