<?xml version="1.0" encoding="UTF-8"?>
<!-- Generated by org.testng.reporters.JUnitReportReporter -->
<testsuite hostname="LAPTOP-AOTFQ1S8" failures="0" tests="1" name="com.rmgyantra.CRUDWithBDD.GettingAllProjects" time="6.642" errors="0" timestamp="2023-02-06T15:14:05 IST" skipped="0">
  <testcase classname="com.rmgyantra.CRUDWithBDD.GettingAllProjects" name="gettingAllProjects" time="6.642"/>
  <system-out/>
</testsuite> <!-- com.rmgyantra.CRUDWithBDD.GettingAllProjects -->
