<?xml version="1.0" encoding="UTF-8"?>
<!-- Generated by org.testng.reporters.JUnitReportReporter -->
<testsuite hostname="LAPTOP-AOTFQ1S8" failures="0" tests="1" name="com.rmgyantra.Parsing.SerializationTest" time="3.592" errors="0" timestamp="2023-02-12T17:24:45 IST" skipped="0">
  <testcase classname="com.rmgyantra.Parsing.SerializationTest" name="serializationTest" time="3.592"/>
  <system-out/>
</testsuite> <!-- com.rmgyantra.Parsing.SerializationTest -->
