<?xml version="1.0" encoding="UTF-8"?>
<!-- Generated by org.testng.reporters.JUnitReportReporter -->
<testsuite hostname="LAPTOP-AOTFQ1S8" failures="0" tests="1" name="com.rmgyantra.CRUDWithoutBDD.UpdatingProjectTest" time="5.491" errors="0" timestamp="2023-02-02T13:17:28 IST" skipped="0">
  <testcase classname="com.rmgyantra.CRUDWithoutBDD.UpdatingProjectTest" name="updatingProjectTest" time="5.491"/>
  <system-out/>
</testsuite> <!-- com.rmgyantra.CRUDWithoutBDD.UpdatingProjectTest -->
