<?xml version="1.0" encoding="UTF-8"?>
<!-- Generated by org.testng.reporters.JUnitReportReporter -->
<testsuite hostname="LAPTOP-AOTFQ1S8" failures="0" tests="1" name="com.rmgyantra.authentication.OAuth2Test" time="7.827" errors="0" timestamp="2023-02-07T17:38:17 IST" skipped="0">
  <testcase classname="com.rmgyantra.authentication.OAuth2Test" name="oauth2Test" time="7.827"/>
  <system-out/>
</testsuite> <!-- com.rmgyantra.authentication.OAuth2Test -->
