<?xml version="1.0" encoding="UTF-8"?>
<!-- Generated by org.testng.reporters.JUnitReportReporter -->
<testsuite hostname="LAPTOP-AOTFQ1S8" failures="0" tests="1" name="com.rmgyantra.Parameters.QueryParameterTest" time="9.187" errors="0" timestamp="2023-02-07T20:30:03 IST" skipped="0">
  <testcase classname="com.rmgyantra.Parameters.QueryParameterTest" name="queryParameter" time="9.187"/>
  <system-out/>
</testsuite> <!-- com.rmgyantra.Parameters.QueryParameterTest -->
