<?xml version="1.0" encoding="UTF-8"?>
<!-- Generated by org.testng.reporters.JUnitReportReporter -->
<testsuite hostname="LAPTOP-AOTFQ1S8" failures="0" tests="1" name="com.rmgyantra.DifferentWaysToPost.HashmapTest" time="8.232" errors="0" timestamp="2023-02-06T15:45:30 IST" skipped="0">
  <testcase classname="com.rmgyantra.DifferentWaysToPost.HashmapTest" name="hashmapTest" time="8.232"/>
  <system-out/>
</testsuite> <!-- com.rmgyantra.DifferentWaysToPost.HashmapTest -->
