<?xml version="1.0" encoding="UTF-8"?>
<!-- Generated by org.testng.reporters.JUnitReportReporter -->
<testsuite hostname="LAPTOP-AOTFQ1S8" failures="0" tests="1" name="com.rmgyantra.CRUDWithBDD.CreatingProjectTest" time="8.326" errors="0" timestamp="2023-02-06T15:10:19 IST" skipped="0">
  <testcase classname="com.rmgyantra.CRUDWithBDD.CreatingProjectTest" name="creatingProject" time="8.326"/>
  <system-out/>
</testsuite> <!-- com.rmgyantra.CRUDWithBDD.CreatingProjectTest -->
