<?xml version="1.0" encoding="UTF-8"?>
<!-- Generated by org.testng.reporters.JUnitReportReporter -->
<testsuite hostname="LAPTOP-AOTFQ1S8" failures="0" tests="1" name="com.rmgyantra.authentication.BearerTokenTest" time="8.880" errors="0" timestamp="2023-02-07T16:27:41 IST" skipped="0">
  <testcase classname="com.rmgyantra.authentication.BearerTokenTest" name="bearerToken" time="8.880"/>
  <system-out/>
</testsuite> <!-- com.rmgyantra.authentication.BearerTokenTest -->
