<?xml version="1.0" encoding="UTF-8"?>
<!-- Generated by org.testng.reporters.JUnitReportReporter -->
<testsuite hostname="LAPTOP-AOTFQ1S8" failures="0" tests="1" name="com.rmgyantra.Parameters.PathParameter" time="6.633" errors="0" timestamp="2023-02-07T15:31:39 IST" skipped="0">
  <testcase classname="com.rmgyantra.Parameters.PathParameter" name="pathParameter" time="6.633"/>
  <system-out/>
</testsuite> <!-- com.rmgyantra.Parameters.PathParameter -->
