<?xml version="1.0" encoding="UTF-8"?>
<!-- Generated by org.testng.reporters.JUnitReportReporter -->
<testsuite hostname="LAPTOP-AOTFQ1S8" failures="0" tests="1" name="com.rmgyantra.CRUDWithBDD.DeletingProject" time="7.530" errors="0" timestamp="2023-02-06T15:24:50 IST" skipped="0">
  <testcase classname="com.rmgyantra.CRUDWithBDD.DeletingProject" name="deletingProject" time="7.530"/>
  <system-out/>
</testsuite> <!-- com.rmgyantra.CRUDWithBDD.DeletingProject -->
