<?xml version="1.0" encoding="UTF-8"?>
<!-- Generated by org.testng.reporters.JUnitReportReporter -->
<testsuite hostname="LAPTOP-AOTFQ1S8" failures="0" tests="2" name="dataBase.practice.Practice" time="6.923" errors="0" timestamp="2023-02-11T18:34:49 IST" skipped="0">
  <testcase classname="dataBase.practice.Practice" name="pracice" time="6.814"/>
  <system-out/>
  <testcase classname="dataBase.practice.Practice" name="pracice" time="0.109"/>
  <system-out/>
</testsuite> <!-- dataBase.practice.Practice -->
