<?xml version="1.0" encoding="UTF-8"?>
<!-- Generated by org.testng.reporters.JUnitReportReporter -->
<testsuite hostname="LAPTOP-AOTFQ1S8" failures="0" tests="1" name="com.rmgyantra.CRUDWithBDD.GettingSingleProjectTest" time="8.498" errors="0" timestamp="2023-02-06T15:21:23 IST" skipped="0">
  <testcase classname="com.rmgyantra.CRUDWithBDD.GettingSingleProjectTest" name="gettingSingleProject" time="8.498"/>
  <system-out/>
</testsuite> <!-- com.rmgyantra.CRUDWithBDD.GettingSingleProjectTest -->
