<?xml version="1.0" encoding="UTF-8"?>
<!-- Generated by org.testng.reporters.JUnitReportReporter -->
<testsuite hostname="LAPTOP-AOTFQ1S8" failures="0" tests="1" name="com.rmgyantra.CRUDWithoutBDD.DeleteProjectTest" time="3.938" errors="0" timestamp="2023-02-02T12:57:28 IST" skipped="0">
  <testcase classname="com.rmgyantra.CRUDWithoutBDD.DeleteProjectTest" name="deleteProjectTest" time="3.938"/>
  <system-out/>
</testsuite> <!-- com.rmgyantra.CRUDWithoutBDD.DeleteProjectTest -->
