<?xml version="1.0" encoding="UTF-8"?>
<!-- Generated by org.testng.reporters.JUnitReportReporter -->
<testsuite hostname="LAPTOP-AOTFQ1S8" failures="0" tests="1" name="com.rmgyantra.Parsing.DeserializationTest" time="1.248" errors="1" timestamp="2023-02-12T17:26:24 IST" skipped="0">
  <testcase classname="com.rmgyantra.Parsing.DeserializationTest" name="deserializationTest" time="1.248">
    <error message="No suitable constructor found for type [simple type, class com.rmgyantra.POJOLibrary.POJOClass]: can not instantiate from JSON object (need to add/enable type information?)
 at [Source: .\DATA.json; line: 2, column: 3]" type="org.codehaus.jackson.map.JsonMappingException">
      <![CDATA[org.codehaus.jackson.map.JsonMappingException: No suitable constructor found for type [simple type, class com.rmgyantra.POJOLibrary.POJOClass]: can not instantiate from JSON object (need to add/enable type information?)
 at [Source: .\DATA.json; line: 2, column: 3]
at org.codehaus.jackson.map.JsonMappingException.from(JsonMappingException.java:163)
at org.codehaus.jackson.map.deser.BeanDeserializer.deserializeFromObjectUsingNonDefault(BeanDeserializer.java:746)
at org.codehaus.jackson.map.deser.BeanDeserializer.deserializeFromObject(BeanDeserializer.java:683)
at org.codehaus.jackson.map.deser.BeanDeserializer.deserialize(BeanDeserializer.java:580)
at org.codehaus.jackson.map.ObjectMapper._readMapAndClose(ObjectMapper.java:2732)
at org.codehaus.jackson.map.ObjectMapper.readValue(ObjectMapper.java:1817)
at com.rmgyantra.Parsing.DeserializationTest.deserializationTest(DeserializationTest.java:20)
at java.base/jdk.internal.reflect.NativeMethodAccessorImpl.invoke0(Native Method)
at java.base/jdk.internal.reflect.NativeMethodAccessorImpl.invoke(NativeMethodAccessorImpl.java:62)
at java.base/jdk.internal.reflect.DelegatingMethodAccessorImpl.invoke(DelegatingMethodAccessorImpl.java:43)
at java.base/java.lang.reflect.Method.invoke(Method.java:566)
at org.testng.internal.invokers.MethodInvocationHelper.invokeMethod(MethodInvocationHelper.java:139)
at org.testng.internal.invokers.TestInvoker.invokeMethod(TestInvoker.java:677)
at org.testng.internal.invokers.TestInvoker.invokeTestMethod(TestInvoker.java:221)
at org.testng.internal.invokers.MethodRunner.runInSequence(MethodRunner.java:50)
at org.testng.internal.invokers.TestInvoker$MethodInvocationAgent.invoke(TestInvoker.java:969)
at org.testng.internal.invokers.TestInvoker.invokeTestMethods(TestInvoker.java:194)
at org.testng.internal.invokers.TestMethodWorker.invokeTestMethods(TestMethodWorker.java:148)
at org.testng.internal.invokers.TestMethodWorker.run(TestMethodWorker.java:128)
at java.base/java.util.ArrayList.forEach(ArrayList.java:1541)
at org.testng.TestRunner.privateRun(TestRunner.java:829)
at org.testng.TestRunner.run(TestRunner.java:602)
at org.testng.SuiteRunner.runTest(SuiteRunner.java:437)
at org.testng.SuiteRunner.runSequentially(SuiteRunner.java:431)
at org.testng.SuiteRunner.privateRun(SuiteRunner.java:391)
at org.testng.SuiteRunner.run(SuiteRunner.java:330)
at org.testng.SuiteRunnerWorker.runSuite(SuiteRunnerWorker.java:52)
at org.testng.SuiteRunnerWorker.run(SuiteRunnerWorker.java:95)
at org.testng.TestNG.runSuitesSequentially(TestNG.java:1256)
at org.testng.TestNG.runSuitesLocally(TestNG.java:1176)
at org.testng.TestNG.runSuites(TestNG.java:1099)
at org.testng.TestNG.run(TestNG.java:1067)
at org.testng.remote.AbstractRemoteTestNG.run(AbstractRemoteTestNG.java:115)
at org.testng.remote.RemoteTestNG.initAndRun(RemoteTestNG.java:251)
at org.testng.remote.RemoteTestNG.main(RemoteTestNG.java:77)
]]>
    </error>
  </testcase> <!-- deserializationTest -->
  <system-out/>
</testsuite> <!-- com.rmgyantra.Parsing.DeserializationTest -->
