<?xml version="1.0" encoding="UTF-8"?>
<!-- Generated by org.testng.reporters.JUnitReportReporter -->
<testsuite hostname="LAPTOP-AOTFQ1S8" failures="0" tests="1" name="dataBase.practice.ExecutingUpdateTest" time="1.195" errors="0" timestamp="2023-02-03T16:43:57 IST" skipped="0">
  <testcase classname="dataBase.practice.ExecutingUpdateTest" name="executingUpdateTest" time="1.195"/>
  <system-out/>
</testsuite> <!-- dataBase.practice.ExecutingUpdateTest -->
