<?xml version="1.0" encoding="UTF-8"?>
<!-- Generated by org.testng.reporters.JUnitReportReporter -->
<testsuite hostname="LAPTOP-AOTFQ1S8" failures="0" tests="1" name="com.rmgyantra.CRUDWithoutBDD.DeleteProject" time="3.697" errors="0" timestamp="2023-02-02T12:12:47 IST" skipped="0">
  <testcase classname="com.rmgyantra.CRUDWithoutBDD.DeleteProject" name="deleteProject" time="3.697"/>
  <system-out/>
</testsuite> <!-- com.rmgyantra.CRUDWithoutBDD.DeleteProject -->
