<?xml version="1.0" encoding="UTF-8"?>
<!-- Generated by org.testng.reporters.JUnitReportReporter -->
<testsuite hostname="LAPTOP-AOTFQ1S8" failures="0" tests="2" name="com.rmgyantra.DifferentWaysToPost.POJOClassWithDataProvider" time="8.575" errors="0" timestamp="2023-02-06T17:52:24 IST" skipped="0">
  <testcase classname="com.rmgyantra.DifferentWaysToPost.POJOClassWithDataProvider" name="pojoClassWithDataProvider" time="0.227"/>
  <system-out/>
  <testcase classname="com.rmgyantra.DifferentWaysToPost.POJOClassWithDataProvider" name="pojoClassWithDataProvider" time="8.348"/>
  <system-out/>
</testsuite> <!-- com.rmgyantra.DifferentWaysToPost.POJOClassWithDataProvider -->
