<?xml version="1.0" encoding="UTF-8"?>
<!-- Generated by org.testng.reporters.JUnitReportReporter -->
<testsuite hostname="LAPTOP-AOTFQ1S8" failures="0" tests="1" name="com.rmgyantra.validation.ResponseTimeValidateTest" time="6.390" errors="0" timestamp="2023-02-11T14:47:40 IST" skipped="0">
  <testcase classname="com.rmgyantra.validation.ResponseTimeValidateTest" name="responseTimeValidateTest" time="6.390"/>
  <system-out/>
</testsuite> <!-- com.rmgyantra.validation.ResponseTimeValidateTest -->
