<?xml version="1.0" encoding="UTF-8"?>
<!-- Generated by org.testng.reporters.JUnitReportReporter -->
<testsuite hostname="LAPTOP-AOTFQ1S8" failures="0" tests="1" name="com.rmgyantra.Requestchaining.RequestChainingTest" time="6.486" errors="0" timestamp="2023-02-11T16:01:49 IST" skipped="0">
  <testcase classname="com.rmgyantra.Requestchaining.RequestChainingTest" name="requestChainingTest" time="6.486"/>
  <system-out/>
</testsuite> <!-- com.rmgyantra.Requestchaining.RequestChainingTest -->
