<?xml version="1.0" encoding="UTF-8"?>
<!-- Generated by org.testng.reporters.JUnitReportReporter -->
<testsuite hostname="LAPTOP-AOTFQ1S8" failures="0" tests="2" name="com.rmgyantra.CRUDWithoutBDD.PartialUpdateTest" time="6.517" errors="0" timestamp="2023-02-02T13:12:13 IST" skipped="0">
  <testcase classname="com.rmgyantra.CRUDWithoutBDD.PartialUpdateTest" name="createUser" time="5.575"/>
  <system-out/>
  <testcase classname="com.rmgyantra.CRUDWithoutBDD.PartialUpdateTest" name="partialUpdateTest" time="0.942"/>
  <system-out/>
</testsuite> <!-- com.rmgyantra.CRUDWithoutBDD.PartialUpdateTest -->
