<?xml version="1.0" encoding="UTF-8"?>
<!-- Generated by org.testng.reporters.JUnitReportReporter -->
<testsuite hostname="LAPTOP-AOTFQ1S8" failures="0" tests="1" name="com.rmgyantra.validation.DynamicValidationTest" time="7.387" errors="0" timestamp="2023-03-05T17:22:42 IST" skipped="0">
  <testcase classname="com.rmgyantra.validation.DynamicValidationTest" name="dynamicValidation" time="7.387"/>
  <system-out/>
</testsuite> <!-- com.rmgyantra.validation.DynamicValidationTest -->
